<?xml version="1.0" encoding="UTF-8"?>
<coverage generated="1653716336459" clover="3.2.0">
  <project timestamp="1653716336460" name="All files">
    <metrics statements="8" coveredstatements="8" conditionals="3" coveredconditionals="2" methods="2" coveredmethods="2" elements="13" coveredelements="12" complexity="0" loc="8" ncloc="8" packages="1" files="1" classes="1"/>
    <file name="index.ts" path="/home/rick/human-date-diff-calculator/src/index.ts">
      <metrics statements="8" coveredstatements="8" conditionals="3" coveredconditionals="2" methods="2" coveredmethods="2"/>
      <line num="1" count="1" type="stmt"/>
      <line num="4" count="2" type="cond" truecount="1" falsecount="0"/>
      <line num="5" count="1" type="stmt"/>
      <line num="7" count="1" type="stmt"/>
      <line num="10" count="1" type="stmt"/>
      <line num="11" count="2" type="stmt"/>
      <line num="13" count="2" type="cond" truecount="1" falsecount="1"/>
      <line num="14" count="2" type="stmt"/>
    </file>
  </project>
</coverage>
