{"/home/rick/human-date-diff-calculator/src/index.ts": {"path":"/home/rick/human-date-diff-calculator/src/index.ts","statementMap":{"0":{"start":{"line":1,"column":0},"end":{"line":1,"column":33}},"1":{"start":{"line":4,"column":2},"end":{"line":6,"column":null}},"2":{"start":{"line":5,"column":4},"end":{"line":5,"column":51}},"3":{"start":{"line":7,"column":2},"end":{"line":7,"column":14}},"4":{"start":{"line":11,"column":19},"end":{"line":11,"column":35}},"5":{"start":{"line":13,"column":24},"end":{"line":13,"column":80}},"6":{"start":{"line":14,"column":2},"end":{"line":14,"column":18}},"7":{"start":{"line":10,"column":0},"end":{"line":10,"column":24}}},"fnMap":{"0":{"name":"toDateTime","decl":{"start":{"line":3,"column":11},"end":{"line":3,"column":21}},"loc":{"start":{"line":3,"column":45},"end":{"line":8,"column":1}}},"1":{"name":"toDateDiff","decl":{"start":{"line":10,"column":24},"end":{"line":10,"column":34}},"loc":{"start":{"line":10,"column":85},"end":{"line":15,"column":1}}}},"branchMap":{"0":{"loc":{"start":{"line":4,"column":2},"end":{"line":6,"column":null}},"type":"if","locations":[{"start":{"line":4,"column":2},"end":{"line":6,"column":null}}]},"1":{"loc":{"start":{"line":13,"column":24},"end":{"line":13,"column":80}},"type":"cond-expr","locations":[{"start":{"line":13,"column":46},"end":{"line":13,"column":60}},{"start":{"line":13,"column":63},"end":{"line":13,"column":80}}]}},"s":{"0":1,"1":2,"2":1,"3":1,"4":2,"5":2,"6":2,"7":1},"f":{"0":2,"1":2},"b":{"0":[1],"1":[2,0]}}
}
